<?xml version="1.0" encoding="UTF-8" ?>
<testsuite failures="0" time="0.107" errors="0" skipped="0" tests="13" name="com.fontys.softwarecraftsmanship.ComputerTest">
  <properties>
[...]
</properties>
  <testcase time="0.022" classname="com.fontys.softwarecraftsmanship.ComputerTest" name="testOnePartComputerIsIncomplete"/>
  <testcase time="0" classname="com.fontys.softwarecraftsmanship.ComputerTest" name="testMorePartsComputerIsIncomplete"/>
  <testcase time="0" classname="com.fontys.softwarecraftsmanship.ComputerTest" name="testAddZeroParts"/>
  <testcase time="0" classname="com.fontys.softwarecraftsmanship.ComputerTest" name="testAddOnePart"/>
  <testcase time="0" classname="com.fontys.softwarecraftsmanship.ComputerTest" name="testAddMoreParts"/>
  <testcase time="0" classname="com.fontys.softwarecraftsmanship.ComputerTest" name="testAddNullPart"/>
  <testcase time="0" classname="com.fontys.softwarecraftsmanship.ComputerTest" name="testAddNullParts"/>
  <testcase time="0" classname="com.fontys.softwarecraftsmanship.ComputerTest" name="testGetEmptyComputerPrice"/>
  <testcase time="0" classname="com.fontys.softwarecraftsmanship.ComputerTest" name="testGetOnePartComputerPrice"/>
  <testcase time="0" classname="com.fontys.softwarecraftsmanship.ComputerTest" name="testGetMorePartsComputerPrice"/>
  <testcase time="0" classname="com.fontys.softwarecraftsmanship.ComputerTest" name="testEmptyComputerIsIncomplete"/>
  <testcase time="0" classname="com.fontys.softwarecraftsmanship.ComputerTest" name="testComputerIsComplete"/>
  <testcase time="0" classname="com.fontys.softwarecraftsmanship.ComputerTest" name="testComputerIsIncomplete"/>
</testsuite>